make all --print-data-base --no-builtin-variables --no-builtin-rules --question
make: *** No rule to make target 'philo/main.o', needed by 'philo/philo'.  Stop.

# GNU Make 4.2.1
# Built for x86_64-pc-linux-gnu
# Copyright (C) 1988-2016 Free Software Foundation, Inc.
# License GPLv3+: GNU GPL version 3 or later <http://gnu.org/licenses/gpl.html>
# This is free software: you are free to change and redistribute it.
# There is NO WARRANTY, to the extent permitted by law.

# Make data base, printed on Thu Jul  7 21:03:02 2022

# Variables

# automatic
<D = $(patsubst %/,%,$(dir $<))
# automatic
?F = $(notdir $?)
# environment
DESKTOP_SESSION = xubuntu
# default
.SHELLFLAGS := -c
# environment
XDG_SESSION_CLASS = user
# environment
XDG_SESSION_TYPE = x11
# environment
VSCODE_LOG_NATIVE = false
# automatic
?D = $(patsubst %/,%,$(dir $?))
# makefile (from 'Makefile', line 6)
INCLUDES = -I./philo
# automatic
@D = $(patsubst %/,%,$(dir $@))
# environment
XAUTHORITY = /home/loundor/.Xauthority
# environment
GDMSESSION = xubuntu
# default
MAKE_VERSION := 4.2.1
# makefile
CURDIR := /home/loundor/Bureau/42/Philosophers
# makefile
SHELL = /bin/sh
# makefile (from 'Makefile', line 17)
RM = @rm -rf
# environment
GDM_LANG = fr_FR
# environment
DIRHISTORY_SIZE = 30
# environment
VSCODE_NLS_CONFIG = {"locale":"fr","availableLanguages":{"*":"fr"},"_languagePackId":"575d78304484aa5fa0cbb32d34fd883d.fr","_translationsConfigFile":"/home/loundor/.config/Code/clp/575d78304484aa5fa0cbb32d34fd883d.fr/tcf.json","_cacheRoot":"/home/loundor/.config/Code/clp/575d78304484aa5fa0cbb32d34fd883d.fr","_resolvedLanguagePackCoreLocation":"/home/loundor/.config/Code/clp/575d78304484aa5fa0cbb32d34fd883d.fr/30d9c6cd9483b2cc586687151bcbcd635f373630","_corruptedFile":"/home/loundor/.config/Code/clp/575d78304484aa5fa0cbb32d34fd883d.fr/corrupted.info","_languagePackSupport":true}
# environment
_ = /usr/share/code/code
# environment
XDG_CONFIG_DIRS = /etc/xdg/xdg-xubuntu:/etc/xdg:/etc/xdg
# environment
GTK_OVERLAY_SCROLLING = 0
# makefile (from 'Makefile', line 1)
MAKEFILE_LIST :=  Makefile
# automatic
@F = $(notdir $@)
# 'override' directive
GNUMAKEFLAGS := 
# environment
MANDATORY_PATH = /usr/share/gconf/xubuntu.mandatory.path
# environment
XDG_DATA_DIRS = /usr/share/xubuntu:/usr/share/xfce4:/usr/local/share:/usr/share:/var/lib/snapd/desktop:/usr/share
# environment
DBUS_SESSION_BUS_ADDRESS = unix:path=/run/user/1000/bus
# environment
VSCODE_VERBOSE_LOGGING = true
# makefile (from 'Makefile', line 15)
OBJS = $(addprefix ./philo/, ${SRCS:.c=.o})
# environment
P9K_SSH = 0
# environment
VSCODE_IPC_HOOK_EXTHOST = /run/user/1000/vscode-ipc-1aef210e-06f3-476e-9be6-95402956881d.sock
# environment
VSCODE_CWD = /home/loundor
# environment
XDG_SESSION_PATH = /org/freedesktop/DisplayManager/Session0
# default
MAKE_HOST := x86_64-pc-linux-gnu
# environment
PATH = /home/loundor/.local/bin:/usr/src/linux-headers-5.18.0-8.1-liquorix-amd64/tools/power/x86/x86_energy_perf_policy:/usr/src/linux-headers-5.18.0-8.1-liquorix-amd64/tools/power/x86/turbostat:/usr/src/linux-headers-5.18.0-8.1-liquorix-amd64/tools/power/cpupower:/usr/src/linux-headers-5.18.0-8.1-liquorix-amd64/tools/perf:/usr/local/sbin:/usr/local/bin:/usr/sbin:/usr/bin:/sbin:/bin:/usr/games:/usr/local/games:/snap/bin
# makefile (from 'Makefile', line 5)
EXTRAF = -g -pthread
# environment
GPG_AGENT_INFO = /run/user/1000/gnupg/S.gpg-agent:0:1
# environment
LSCOLORS = Gxfxcxdxbxegedabagacad
# makefile (from 'Makefile', line 16)
OBJSB = $(addprefix ./philo_bonus/, ${SRCS:.c=.o})
# environment
SESSION_MANAGER = local/sebastien-DESKTOP:@/tmp/.ICE-unix/1829,unix/sebastien-DESKTOP:/tmp/.ICE-unix/1829
# environment
XDG_RUNTIME_DIR = /run/user/1000
# environment
XDG_MENU_PREFIX = xfce-
# environment
VSCODE_LOG_STACK = false
# makefile (from 'Makefile', line 7)
INCLUDESB = -I./philo_bonus/
# environment
ELECTRON_RUN_AS_NODE = 1
# default
.FEATURES := target-specific order-only second-expansion else-if shortest-stem undefine oneshell archives jobserver output-sync check-symlink load
# environment
XDG_GREETER_DATA_DIR = /var/lib/lightdm-data/loundor
# environment
LS_COLORS = 
# environment
XDG_SESSION_DESKTOP = xubuntu
# environment
SSH_AUTH_SOCK = /run/user/1000/keyring/ssh
# automatic
%F = $(notdir $%)
# environment
DISPLAY = :0.0
# environment
VSCODE_PIPE_LOGGING = true
# environment
PWD = /home/loundor/Bureau/42/Philosophers
# environment
QT_QPA_PLATFORMTHEME = gtk2
# default
.LOADED := 
# environment
XDG_SEAT = seat0
# environment
SSH_AGENT_PID = 1925
# environment
ORIGINAL_XDG_CURRENT_DESKTOP = XFCE
# environment
VSCODE_AMD_ENTRYPOINT = vs/workbench/api/node/extensionHostProcess
# environment
HOME = /home/loundor
# environment
VSCODE_CODE_CACHE_PATH = /home/loundor/.config/Code/CachedData/30d9c6cd9483b2cc586687151bcbcd635f373630
# environment
LOGNAME = loundor
# environment
APPLICATION_INSIGHTS_NO_DIAGNOSTIC_CHANNEL = 1
# environment
ZSH = /home/loundor/.oh-my-zsh
# environment
VSCODE_HANDLES_UNCAUGHT_ERRORS = true
# automatic
^D = $(patsubst %/,%,$(dir $^))
# environment
XDG_VTNR = 7
# environment
CLUTTER_BACKEND = x11
# environment
MAKELEVEL := 0
# default
MAKE = $(MAKE_COMMAND)
# default
MAKECMDGOALS := all
# makefile (from 'Makefile', line 8)
SRCS = main.c structure.c msg.c parssing.c routine.c state.c utils.c
# environment
SHLVL = 0
# makefile (from 'Makefile', line 3)
CC = gcc
# environment
XDG_SESSION_ID = c1
# environment
USER = loundor
# makefile
.DEFAULT_GOAL := philo/philo
# environment
XDG_CURRENT_DESKTOP = XFCE
# environment
LIBVIRT_DEFAULT_URI = qemu:///system
# environment
LESS = -R
# automatic
%D = $(patsubst %/,%,$(dir $%))
# default
MAKE_COMMAND := make
# environment
OLDPWD = /home/loundor
# default
.VARIABLES := 
# automatic
*F = $(notdir $*)
# environment
LANGUAGE = fr_FR
# environment
XDG_SEAT_PATH = /org/freedesktop/DisplayManager/Seat0
# environment
VSCODE_IPC_HOOK = /run/user/1000/vscode-b4b1a8fd-1.68.1-main.sock
# environment
PANEL_GDK_CORE_DEVICE_EVENTS = 0
# makefile
MAKEFLAGS = pqrR
# environment
MFLAGS = -pqrR
# automatic
*D = $(patsubst %/,%,$(dir $*))
# automatic
+D = $(patsubst %/,%,$(dir $+))
# environment
GDK_BACKEND = x11
# automatic
+F = $(notdir $+)
# environment
QT_ACCESSIBILITY = 1
# environment
DEFAULTS_PATH = /usr/share/gconf/xubuntu.default.path
# default
MAKEFILES := 
# automatic
<F = $(notdir $<)
# environment
PAGER = less
# environment
LC_ALL = C
# automatic
^F = $(notdir $^)
# makefile (from 'Makefile', line 2)
NAMEB = ./philo_bonus/philo_bonus
# default
SUFFIXES := 
# makefile (from 'Makefile', line 4)
FLAGS = -Wall -Werror -Wextra $(EXTRAF)
# environment
CHROME_DESKTOP = code-url-handler.desktop
# default
.INCLUDE_DIRS = /usr/include /usr/local/include /usr/include
# makefile (from 'Makefile', line 1)
NAME = ./philo/philo
# default
.RECIPEPREFIX := 
# environment
LANG = C
# environment
VSCODE_PID = 2770082
# variable set hash-table stats:
# Load=113/1024=11%, Rehash=0, Collisions=15/148=10%

# Pattern-specific Variable Values

# No pattern-specific variable values.

# Directories

# . (device 66306, inode 26476550): 7 files, no impossibilities.

# 7 files, no impossibilities in 1 directories.

# Implicit Rules

# No implicit rules.

# Files

# Not a target:
philo/routine.o:
#  Implicit rule search has not been done.
#  Modification time never checked.
#  File has not been updated.

# Not a target:
philo_bonus/msg.o:
#  Implicit rule search has not been done.
#  Modification time never checked.
#  File has not been updated.

all: philo/philo philo_bonus/philo_bonus
#  Phony target (prerequisite of .PHONY).
#  Command line target.
#  Implicit rule search has not been done.
#  File does not exist.
#  File has not been updated.

# Not a target:
philo_bonus/structure.o:
#  Implicit rule search has not been done.
#  Modification time never checked.
#  File has not been updated.

.PHONY: philo_bonus/philo_bonus all clean fclean re
#  Implicit rule search has not been done.
#  Modification time never checked.
#  File has not been updated.

philo/philo: philo/main.o philo/structure.o philo/msg.o philo/parssing.o philo/routine.o philo/state.o philo/utils.o
#  Implicit rule search has not been done.
#  File does not exist.
#  File has not been updated.
#  recipe to execute (from 'Makefile', line 20):
				${CC} ${FLAGS} ${INCLUDES} ${OBJS} -o $@

# Not a target:
philo/utils.o:
#  Implicit rule search has not been done.
#  Modification time never checked.
#  File has not been updated.

# Not a target:
Makefile:
#  Implicit rule search has been done.
 
#  Last modified 2022-07-07 21:01:04.180196027
#  File has been updated.
#  Successfully updated.

# Not a target:
philo/msg.o:
#  Implicit rule search has not been done.
#  Modification time never checked.
#  File has not been updated.

# Not a target:
philo_bonus/state.o:
#  Implicit rule search has not been done.
#  Modification time never checked.
#  File has not been updated.

# Not a target:
philo/structure.o:
#  Implicit rule search has not been done.
#  Modification time never checked.
#  File has not been updated.

bonus: philo_bonus/philo_bonus
#  Implicit rule search has not been done.
#  Modification time never checked.
#  File has not been updated.

fclean: clean
#  Phony target (prerequisite of .PHONY).
#  Implicit rule search has not been done.
#  File does not exist.
#  File has not been updated.
#  recipe to execute (from 'Makefile', line 32):
				${RM} ${NAMEB}
				${RM} ${NAME}
				

# Not a target:
philo_bonus/parssing.o:
#  Implicit rule search has not been done.
#  Modification time never checked.
#  File has not been updated.

# Not a target:
philo_bonus/main.o:
#  Implicit rule search has not been done.
#  Modification time never checked.
#  File has not been updated.

# Not a target:
.DEFAULT:
#  Implicit rule search has not been done.
#  Modification time never checked.
#  File has not been updated.

philo_bonus/philo_bonus: philo_bonus/main.o philo_bonus/structure.o philo_bonus/msg.o philo_bonus/parssing.o philo_bonus/routine.o philo_bonus/state.o philo_bonus/utils.o
#  Phony target (prerequisite of .PHONY).
#  Implicit rule search has not been done.
#  File does not exist.
#  File has not been updated.
#  recipe to execute (from 'Makefile', line 23):
				${CC} ${FLAGS} ${INCLUDESB} ${OBJSB} -o $@

# Not a target:
philo/state.o:
#  Implicit rule search has not been done.
#  Modification time never checked.
#  File has not been updated.

re: fclean all
#  Phony target (prerequisite of .PHONY).
#  Implicit rule search has not been done.
#  File does not exist.
#  File has not been updated.

clean:
#  Phony target (prerequisite of .PHONY).
#  Implicit rule search has not been done.
#  File does not exist.
#  File has not been updated.
#  recipe to execute (from 'Makefile', line 28):
				${RM} ${OBJSB}
				${RM} ${OBJS}

# Not a target:
philo_bonus/routine.o:
#  Implicit rule search has not been done.
#  Modification time never checked.
#  File has not been updated.

# Not a target:
philo/parssing.o:
#  Implicit rule search has not been done.
#  Modification time never checked.
#  File has not been updated.

# Not a target:
philo/main.o:
#  Implicit rule search has been done.
#  File does not exist.
#  File has not been updated.

# Not a target:
philo_bonus/utils.o:
#  Implicit rule search has not been done.
#  Modification time never checked.
#  File has not been updated.

# files hash-table stats:
# Load=25/1024=2%, Rehash=0, Collisions=0/61=0%
# VPATH Search Paths

# No 'vpath' search paths.

# No general ('VPATH' variable) search path.

# strcache buffers: 1 (0) / strings = 33 / storage = 415 B / avg = 12 B
# current buf: size = 8162 B / used = 415 B / count = 33 / avg = 12 B

# strcache performance: lookups = 57 / hit rate = 42%
# hash-table stats:
# Load=33/8192=0%, Rehash=0, Collisions=1/57=2%
# Finished Make data base on Thu Jul  7 21:03:02 2022

 
